<?xml version="1.0" encoding="UTF-8"?>
<!-- Generated by org.testng.reporters.JUnitXMLReporter -->
<testsuite hostname="DESKTOP-D9AUETK" failures="1" tests="1" name="Login to POD" time="15.716" errors="0" timestamp="9 May 2023 09:55:51 GMT">
  <testcase classname="com.test.testCases.TC001_Login" name="run" time="15.687">
    <failure type="java.lang.AssertionError" message="expected [The  or password you entered is incorrect.] but found [The username or password you entered is incorrect.]">
      <![CDATA[java.lang.AssertionError: expected [The  or password you entered is incorrect.] but found [The username or password you entered is incorrect.]
	at com.test.wrappers.GenericWrappers.assertEqualsMethod(GenericWrappers.java:71)
	at com.test.pages.Login.textValidations(Login.java:44)
	at com.test.testCases.TC001_Login.run(TC001_Login.java:17)
... Removed 29 stack frames]]>
    </failure>
  </testcase> <!-- run -->
</testsuite> <!-- Login to POD -->
